INFO 2025-10-10 12:30:57,810 autoreload Watching for file changes with StatReloader
INFO 2025-10-10 12:43:26,849 autoreload Watching for file changes with StatReloader
INFO 2025-10-10 12:44:47,512 autoreload C:\Users\camer\PycharmProjects\ISCG7420\Assignment1\Assignment1\settings.py changed, reloading.
INFO 2025-10-10 12:44:47,871 autoreload Watching for file changes with StatReloader
INFO 2025-10-10 12:44:47,873 autoreload C:\Users\camer\PycharmProjects\ISCG7420\Assignment1\Assignment1\settings.py changed, reloading.
INFO 2025-10-10 12:44:48,210 autoreload Watching for file changes with StatReloader
INFO 2025-10-10 12:44:57,030 autoreload Watching for file changes with StatReloader
INFO 2025-10-10 12:46:01,171 autoreload C:\Users\camer\PycharmProjects\ISCG7420\Assignment1\Assignment1\settings.py changed, reloading.
INFO 2025-10-10 12:46:01,326 autoreload C:\Users\camer\PycharmProjects\ISCG7420\Assignment1\Assignment1\settings.py changed, reloading.
INFO 2025-10-10 12:46:01,521 autoreload Watching for file changes with StatReloader
INFO 2025-10-10 12:46:01,671 autoreload Watching for file changes with StatReloader
INFO 2025-10-10 12:46:39,991 autoreload C:\Users\camer\PycharmProjects\ISCG7420\Assignment1\Assignment1\settings.py changed, reloading.
INFO 2025-10-10 12:46:40,213 autoreload C:\Users\camer\PycharmProjects\ISCG7420\Assignment1\Assignment1\settings.py changed, reloading.
INFO 2025-10-10 12:46:40,319 autoreload Watching for file changes with StatReloader
INFO 2025-10-10 12:46:40,547 autoreload Watching for file changes with StatReloader
INFO 2025-10-10 12:46:58,304 autoreload C:\Users\camer\PycharmProjects\ISCG7420\Assignment1\Assignment1\settings.py changed, reloading.
INFO 2025-10-10 12:46:58,647 autoreload Watching for file changes with StatReloader
INFO 2025-10-10 12:46:59,132 autoreload C:\Users\camer\PycharmProjects\ISCG7420\Assignment1\Assignment1\settings.py changed, reloading.
INFO 2025-10-10 12:46:59,491 autoreload Watching for file changes with StatReloader
INFO 2025-10-10 12:47:07,216 autoreload C:\Users\camer\PycharmProjects\ISCG7420\Assignment1\Assignment1\settings.py changed, reloading.
INFO 2025-10-10 12:47:07,552 autoreload Watching for file changes with StatReloader
INFO 2025-10-10 12:47:08,052 autoreload C:\Users\camer\PycharmProjects\ISCG7420\Assignment1\Assignment1\settings.py changed, reloading.
INFO 2025-10-10 12:47:08,409 autoreload Watching for file changes with StatReloader
INFO 2025-10-10 12:47:28,875 autoreload Watching for file changes with StatReloader
INFO 2025-10-10 12:47:40,437 autoreload C:\Users\camer\PycharmProjects\ISCG7420\Assignment1\Assignment1\settings.py changed, reloading.
INFO 2025-10-10 12:47:40,769 autoreload Watching for file changes with StatReloader
INFO 2025-10-10 12:48:30,645 autoreload C:\Users\camer\PycharmProjects\ISCG7420\Assignment1\Assignment1\.venv\Lib\site-packages\django\contrib\staticfiles\utils.py changed, reloading.
INFO 2025-10-10 12:48:31,009 autoreload Watching for file changes with StatReloader
INFO 2025-10-10 12:49:31,123 autoreload C:\Users\camer\PycharmProjects\ISCG7420\Assignment1\Assignment1\settings.py changed, reloading.
INFO 2025-10-10 12:49:31,475 autoreload Watching for file changes with StatReloader
INFO 2025-10-10 12:50:06,858 autoreload C:\Users\camer\PycharmProjects\ISCG7420\Assignment1\Assignment1\settings.py changed, reloading.
INFO 2025-10-10 12:50:07,221 autoreload Watching for file changes with StatReloader
INFO 2025-10-10 12:51:36,989 autoreload Watching for file changes with StatReloader
INFO 2025-10-10 12:51:38,850 basehttp "GET / HTTP/1.1" 200 20589
INFO 2025-10-10 13:01:27,822 basehttp "GET / HTTP/1.1" 200 20589
WARNING 2025-10-10 13:01:30,871 log Not Found: /api/categories/
WARNING 2025-10-10 13:01:30,872 basehttp "GET /api/categories/ HTTP/1.1" 404 23160
INFO 2025-10-10 13:08:00,882 autoreload C:\Users\camer\PycharmProjects\ISCG7420\Assignment1\Assignment1\wsgi.py changed, reloading.
INFO 2025-10-10 13:08:00,886 autoreload C:\Users\camer\PycharmProjects\ISCG7420\Assignment1\Assignment1\wsgi.py changed, reloading.
INFO 2025-10-10 13:08:01,271 autoreload Watching for file changes with StatReloader
INFO 2025-10-10 13:08:01,272 autoreload Watching for file changes with StatReloader
INFO 2025-10-10 13:08:29,563 autoreload C:\Users\camer\PycharmProjects\ISCG7420\Assignment1\Assignment1\wsgi.py changed, reloading.
INFO 2025-10-10 13:08:29,568 autoreload C:\Users\camer\PycharmProjects\ISCG7420\Assignment1\Assignment1\wsgi.py changed, reloading.
INFO 2025-10-10 13:08:29,917 autoreload Watching for file changes with StatReloader
INFO 2025-10-10 13:08:29,918 autoreload Watching for file changes with StatReloader
INFO 2025-10-10 13:09:09,556 autoreload C:\Users\camer\PycharmProjects\ISCG7420\Assignment1\Assignment1\.venv\Lib\site-packages\psycopg2\errors.py changed, reloading.
INFO 2025-10-10 13:09:09,558 autoreload C:\Users\camer\PycharmProjects\ISCG7420\Assignment1\Assignment1\.venv\Lib\site-packages\psycopg2\errors.py changed, reloading.
INFO 2025-10-10 13:09:09,911 autoreload Watching for file changes with StatReloader
INFO 2025-10-10 13:09:09,911 autoreload Watching for file changes with StatReloader
INFO 2025-10-10 13:09:30,924 autoreload C:\Users\camer\PycharmProjects\ISCG7420\Assignment1\Assignment1\.venv\Lib\site-packages\psycopg2\extensions.py changed, reloading.
INFO 2025-10-10 13:09:30,928 autoreload C:\Users\camer\PycharmProjects\ISCG7420\Assignment1\Assignment1\.venv\Lib\site-packages\psycopg2\errors.py changed, reloading.
INFO 2025-10-10 13:09:31,277 autoreload Watching for file changes with StatReloader
INFO 2025-10-10 13:09:31,283 autoreload Watching for file changes with StatReloader
INFO 2025-10-10 13:11:24,710 basehttp "GET / HTTP/1.1" 200 20589
INFO 2025-10-10 13:11:26,417 basehttp "GET / HTTP/1.1" 200 20589
INFO 2025-10-10 13:11:27,754 basehttp "GET / HTTP/1.1" 200 20589
INFO 2025-10-10 13:11:28,338 basehttp "GET / HTTP/1.1" 200 20589
INFO 2025-10-10 13:11:30,963 basehttp "GET /accounts/login/ HTTP/1.1" 200 17985
INFO 2025-10-10 13:12:02,288 basehttp "GET /admin/auth/user/2/change/ HTTP/1.1" 302 0
INFO 2025-10-10 13:12:02,306 basehttp "GET /admin/login/?next=/admin/auth/user/2/change/ HTTP/1.1" 200 4215
INFO 2025-10-10 13:17:36,308 autoreload Watching for file changes with StatReloader
INFO 2025-10-10 13:17:38,081 basehttp "GET / HTTP/1.1" 200 20589
INFO 2025-10-10 13:35:12,649 autoreload C:\Users\camer\PycharmProjects\ISCG7420\Assignment1\Assignment1\settings.py changed, reloading.
INFO 2025-10-10 13:35:14,340 autoreload Watching for file changes with StatReloader
INFO 2025-10-10 13:35:23,874 autoreload C:\Users\camer\PycharmProjects\ISCG7420\Assignment1\Assignment1\wsgi.py changed, reloading.
INFO 2025-10-10 13:35:24,252 autoreload Watching for file changes with StatReloader
INFO 2025-10-10 13:46:43,682 autoreload C:\Users\camer\PycharmProjects\ISCG7420\Assignment1\Assignment1\settings.py changed, reloading.
INFO 2025-10-10 13:46:44,043 autoreload Watching for file changes with StatReloader
